<?xml version="1.0" encoding="UTF-8"?>
<!-- Generated by org.testng.reporters.JUnitReportReporter -->
<testsuite hostname="Reginas-MBP.local.tld" failures="0" tests="1" name="scripts._05_CheckBoxTest" time="11.360" errors="0" timestamp="2022-05-29T15:24:14 CDT" skipped="0">
  <testcase classname="scripts._05_CheckBoxTest" name="testCheckBoxInHeroApp" time="11.360"/>
  <system-out/>
</testsuite> <!-- scripts._05_CheckBoxTest -->
