<?xml version="1.0" encoding="UTF-8"?>
<!-- Generated by org.testng.reporters.JUnitReportReporter -->
<testsuite hostname="Reginas-MBP.local.tld" failures="0" tests="1" name="scripts._02_TechGlobalTest" time="2.145" errors="0" timestamp="2022-05-29T16:15:14 CDT" skipped="0">
  <testcase classname="scripts._02_TechGlobalTest" name="testApplicationFormHeading" time="2.145"/>
  <system-out/>
</testsuite> <!-- scripts._02_TechGlobalTest -->
