<?xml version="1.0" encoding="UTF-8"?>
<!-- Generated by org.testng.reporters.JUnitReportReporter -->
<testsuite hostname="Reginas-MBP.local.tld" failures="0" tests="1" name="scripts._05_CheckBoxTest" time="10.310" errors="0" timestamp="2022-06-02T19:37:47 CDT" skipped="0">
  <testcase classname="scripts._05_CheckBoxTest" name="testCheckBoxInHeroApp" time="10.310"/>
  <system-out/>
</testsuite> <!-- scripts._05_CheckBoxTest -->
