<?xml version="1.0" encoding="UTF-8"?>
<!-- Generated by org.testng.reporters.JUnitReportReporter -->
<testsuite hostname="Reginas-MBP.local.tld" failures="0" tests="1" name="scripts._06_RadioButtonTest" time="8.746" errors="0" timestamp="2022-05-29T15:24:14 CDT" skipped="0">
  <testcase classname="scripts._06_RadioButtonTest" name="TestFacebookGenderRadioButtons" time="8.746"/>
  <system-out/>
</testsuite> <!-- scripts._06_RadioButtonTest -->
